<?xml version="1.0" encoding="UTF-8"?>
<robot generator="Robot 7.0 (Python 3.12.3 on win32)" generated="2024-05-30T10:08:15.704999" rpa="false" schemaversion="5">
<suite id="s1" name="Automation" source="C:\Users\ASUS\Test\Main-Folder\Automation.robot">
<test id="s1-t1" name="LoginTest" line="11">
<kw name="OpenWebBrowser" owner="Functions">
<kw name="Run Keyword If" owner="BuiltIn">
<kw name="Open Browser" owner="SeleniumLibrary">
<msg time="2024-05-30T10:08:23.608305" level="INFO">Opening browser 'Chrome' to base url 'https://www.linkedin.com/home'.</msg>
<msg time="2024-05-30T10:10:42.205540" level="WARN">The chromedriver version (124.0.6367.91) detected in PATH at C:\Users\ASUS\AppData\Local\Programs\Python\Python312\chromedriver.exe might not be compatible with the detected chrome version (125.0.6422.77); currently, chromedriver 125.0.6422.78 is recommended for chrome 125.*, so it is advised to delete the driver in PATH and retry</msg>
<arg>${HomePage}</arg>
<arg>${WebBrowser}</arg>
<arg>options=add_argument( "${HeadStatus}"); add_argument( "${WindowSize}" )</arg>
<doc>Opens a new browser instance to the optional ``url``.</doc>
<status status="PASS" start="2024-05-30T10:08:23.607309" elapsed="239.015909"/>
</kw>
<arg>'${WebBrowser}' in ['Chrome','firefox']</arg>
<arg>Open Browser</arg>
<arg>${HomePage}</arg>
<arg>${WebBrowser}</arg>
<arg>options=add_argument( "${HeadStatus}"); add_argument( "${WindowSize}" )</arg>
<doc>Runs the given keyword with the given arguments, if ``condition`` is true.</doc>
<status status="PASS" start="2024-05-30T10:08:23.606311" elapsed="239.016907"/>
</kw>
<kw name="Run Keyword If" owner="BuiltIn">
<arg>'${WebBrowser}' in ['edge','safari','Opera']</arg>
<arg>Open Browser</arg>
<arg>${HomePage}</arg>
<arg>${WebBrowser}</arg>
<doc>Runs the given keyword with the given arguments, if ``condition`` is true.</doc>
<status status="PASS" start="2024-05-30T10:12:22.624215" elapsed="0.000995"/>
</kw>
<kw name="Maximize Browser Window" owner="SeleniumLibrary">
<doc>Maximizes current browser window.</doc>
<status status="PASS" start="2024-05-30T10:12:22.625210" elapsed="0.591575"/>
</kw>
<kw name="Log" owner="BuiltIn">
<msg time="2024-05-30T10:12:23.216785" level="INFO">Opened the browser successfully</msg>
<arg>Opened the browser successfully</arg>
<doc>Logs the given message with the given level.</doc>
<status status="PASS" start="2024-05-30T10:12:23.216785" elapsed="0.000000"/>
</kw>
<status status="PASS" start="2024-05-30T10:08:23.602323" elapsed="239.615494"/>
</kw>
<kw name="Set Window Size" owner="SeleniumLibrary">
<arg>2560</arg>
<arg>1920</arg>
<doc>Sets current windows size to given ``width`` and ``height``.</doc>
<status status="PASS" start="2024-05-30T10:12:23.217817" elapsed="7.248348"/>
</kw>
<kw name="Wait Until Element Is Visible" owner="SeleniumLibrary">
<arg>//icon[@data-test-id="nav-logo"]</arg>
<doc>Waits until the element ``locator`` is visible.</doc>
<status status="PASS" start="2024-05-30T10:12:30.469785" elapsed="9.494240"/>
</kw>
<kw name="Click Element" owner="SeleniumLibrary">
<msg time="2024-05-30T10:12:39.964025" level="INFO">Clicking element '//input[@autocomplete="username"]'.</msg>
<arg>//input[@autocomplete="username"]</arg>
<doc>Click the element identified by ``locator``.</doc>
<status status="PASS" start="2024-05-30T10:12:39.964025" elapsed="0.537405"/>
</kw>
<kw name="Input Text" owner="SeleniumLibrary">
<msg time="2024-05-30T10:12:40.501430" level="INFO">Typing text 'karakaramel88@gmail.com' into text field '//input[@autocomplete="username"]'.</msg>
<arg>//input[@autocomplete="username"]</arg>
<arg>karakaramel88@gmail.com</arg>
<doc>Types the given ``text`` into the text field identified by ``locator``.</doc>
<status status="PASS" start="2024-05-30T10:12:40.501430" elapsed="0.172052"/>
</kw>
<kw name="Sleep" owner="BuiltIn">
<msg time="2024-05-30T10:12:42.673654" level="INFO">Slept 2 seconds.</msg>
<arg>2s</arg>
<doc>Pauses the test executed for the given time.</doc>
<status status="PASS" start="2024-05-30T10:12:40.673482" elapsed="2.000172"/>
</kw>
<kw name="Click Element" owner="SeleniumLibrary">
<msg time="2024-05-30T10:12:42.674652" level="INFO">Clicking element '//input[@autocomplete="current-password"]'.</msg>
<arg>//input[@autocomplete="current-password"]</arg>
<doc>Click the element identified by ``locator``.</doc>
<status status="PASS" start="2024-05-30T10:12:42.673654" elapsed="0.069088"/>
</kw>
<kw name="Input Text" owner="SeleniumLibrary">
<msg time="2024-05-30T10:12:42.743736" level="INFO">Typing text 'sunset88' into text field '//input[@autocomplete="current-password"]'.</msg>
<arg>//input[@autocomplete="current-password"]</arg>
<arg>sunset88</arg>
<doc>Types the given ``text`` into the text field identified by ``locator``.</doc>
<status status="PASS" start="2024-05-30T10:12:42.743736" elapsed="0.062585"/>
</kw>
<kw name="Sleep" owner="BuiltIn">
<msg time="2024-05-30T10:12:44.807670" level="INFO">Slept 2 seconds.</msg>
<arg>2s</arg>
<doc>Pauses the test executed for the given time.</doc>
<status status="PASS" start="2024-05-30T10:12:42.807316" elapsed="2.000354"/>
</kw>
<kw name="Click Element" owner="SeleniumLibrary">
<msg time="2024-05-30T10:12:44.811136" level="INFO">Clicking element '//button[contains(.,"Sign in")]'.</msg>
<arg>//button[contains(.,"Sign in")]</arg>
<doc>Click the element identified by ``locator``.</doc>
<status status="PASS" start="2024-05-30T10:12:44.810128" elapsed="81.475624"/>
</kw>
<kw name="Sleep" owner="BuiltIn">
<msg time="2024-05-30T10:14:11.285997" level="INFO">Slept 5 seconds.</msg>
<arg>5s</arg>
<doc>Pauses the test executed for the given time.</doc>
<status status="PASS" start="2024-05-30T10:14:06.285752" elapsed="5.000245"/>
</kw>
<kw name="Element Should Be Visible" owner="SeleniumLibrary">
<msg time="2024-05-30T10:14:11.306734" level="INFO">Element '//div[@class="global-nav__content"]' is displayed.</msg>
<arg>//div[@class="global-nav__content"]</arg>
<doc>Verifies that the element identified by ``locator`` is visible.</doc>
<status status="PASS" start="2024-05-30T10:14:11.285997" elapsed="0.020737"/>
</kw>
<kw name="Wait Until Element Is Visible" owner="SeleniumLibrary">
<arg>//span[@class="display-flex align-items-center"]</arg>
<arg>timeout=30s</arg>
<doc>Waits until the element ``locator`` is visible.</doc>
<status status="PASS" start="2024-05-30T10:14:11.306734" elapsed="0.030651"/>
</kw>
<kw name="Click Element" owner="SeleniumLibrary">
<msg time="2024-05-30T10:14:11.338382" level="INFO">Clicking element '//span[@class="display-flex align-items-center"]'.</msg>
<arg>//span[@class="display-flex align-items-center"]</arg>
<doc>Click the element identified by ``locator``.</doc>
<status status="PASS" start="2024-05-30T10:14:11.338382" elapsed="0.144844"/>
</kw>
<kw name="Sleep" owner="BuiltIn">
<msg time="2024-05-30T10:14:14.484230" level="INFO">Slept 3 seconds.</msg>
<arg>3s</arg>
<doc>Pauses the test executed for the given time.</doc>
<status status="PASS" start="2024-05-30T10:14:11.484133" elapsed="3.000097"/>
</kw>
<kw name="Wait Until Element Is Visible" owner="SeleniumLibrary">
<arg>//div[@class="editor-content ql-container"]</arg>
<arg>timeout=30s</arg>
<doc>Waits until the element ``locator`` is visible.</doc>
<status status="PASS" start="2024-05-30T10:14:14.485191" elapsed="0.025320"/>
</kw>
<kw name="Click Element" owner="SeleniumLibrary">
<msg time="2024-05-30T10:14:14.511508" level="INFO">Clicking element '//div[@data-placeholder="Apa yang ingin Anda bicarakan?"]'.</msg>
<arg>//div[@data-placeholder="Apa yang ingin Anda bicarakan?"]</arg>
<doc>Click the element identified by ``locator``.</doc>
<status status="PASS" start="2024-05-30T10:14:14.511508" elapsed="0.053682"/>
</kw>
<kw name="Input Text" owner="SeleniumLibrary">
<msg time="2024-05-30T10:14:14.566248" level="INFO">Typing text 'Halo saya Karanina' into text field '//div[@data-placeholder="Apa yang ingin Anda bicarakan?"]'.</msg>
<arg>//div[@data-placeholder="Apa yang ingin Anda bicarakan?"]</arg>
<arg>Halo saya Karanina</arg>
<doc>Types the given ``text`` into the text field identified by ``locator``.</doc>
<status status="PASS" start="2024-05-30T10:14:14.566248" elapsed="0.290788"/>
</kw>
<kw name="Element Should Be Enabled" owner="SeleniumLibrary">
<arg>//span[contains(.,"Posting")]</arg>
<doc>Verifies that element identified by ``locator`` is enabled.</doc>
<status status="PASS" start="2024-05-30T10:14:14.858033" elapsed="0.030247"/>
</kw>
<kw name="Click Element" owner="SeleniumLibrary">
<msg time="2024-05-30T10:14:14.889277" level="INFO">Clicking element '//span[contains(.,"Posting")]'.</msg>
<arg>//span[contains(.,"Posting")]</arg>
<doc>Click the element identified by ``locator``.</doc>
<status status="PASS" start="2024-05-30T10:14:14.889277" elapsed="0.338547"/>
</kw>
<kw name="Sleep" owner="BuiltIn">
<msg time="2024-05-30T10:14:18.229254" level="INFO">Slept 3 seconds.</msg>
<arg>3s</arg>
<doc>Pauses the test executed for the given time.</doc>
<status status="PASS" start="2024-05-30T10:14:15.228816" elapsed="3.000438"/>
</kw>
<kw name="Close All Browsers" owner="SeleniumLibrary" type="TEARDOWN">
<doc>Closes all open browsers and resets the browser cache.</doc>
<status status="PASS" start="2024-05-30T10:14:18.229254" elapsed="16.487733"/>
</kw>
<status status="PASS" start="2024-05-30T10:08:23.534637" elapsed="371.183348"/>
</test>
<status status="PASS" start="2024-05-30T10:08:15.717904" elapsed="379.002976"/>
</suite>
<statistics>
<total>
<stat pass="1" fail="0" skip="0">All Tests</stat>
</total>
<tag>
</tag>
<suite>
<stat pass="1" fail="0" skip="0" id="s1" name="Automation">Automation</stat>
</suite>
</statistics>
<errors>
<msg time="2024-05-30T10:08:21.654125" level="WARN">Error in file 'C:\Users\ASUS\Test\Functions\Functions.robot' on line 21: The '[Return]' setting is deprecated. Use the 'RETURN' statement instead.</msg>
<msg time="2024-05-30T10:10:42.205540" level="WARN">The chromedriver version (124.0.6367.91) detected in PATH at C:\Users\ASUS\AppData\Local\Programs\Python\Python312\chromedriver.exe might not be compatible with the detected chrome version (125.0.6422.77); currently, chromedriver 125.0.6422.78 is recommended for chrome 125.*, so it is advised to delete the driver in PATH and retry</msg>
</errors>
</robot>
